0	1	mikrocAVR.exe -MSF -DBG -pATMEGA32 -DL -SSA -O11111114 -fo8 -N"H:\2014-Winter\CS 161\TurninCLI\TurninCLI\TurnInCLI.mcpav" -BOOTSZ2048 -BOOTOP0 -SP"C:\Users\Public\Documents\Mikroelektronika\mikroC PRO for AVR\defs\" -SP"C:\Users\Public\Documents\Mikroelektronika\mikroC PRO for AVR\uses\lte64kw\" -SP"H:\2014-Winter\CS 161\TurninCLI\TurninCLI\" -SP"E:\Users\Public\Documents\Mikroelektronika\mikroC PRO for AVR\defs\" -SP"E:\Users\Public\Documents\Mikroelektronika\mikroC PRO for AVR\uses\lte64kw\" -SP"E:\Users\amlakey\Desktop\TurninCLI\" -IP"E:\Users\amlakey\Desktop\TurninCLI\" -IP"H:\2014-Winter\CS 161\TurninCLI\TurninCLI\" "command_parser.c" "execution.c" "help.c" "main.c" "terminal.c" "thumbstick.c" "__Lib_Math.mcl" "__Lib_MathDouble.mcl" "__Lib_System.mcl" "__Lib_Delays.mcl" "__Lib_CType.mcl" "__Lib_CString.mcl" "__Lib_CStdlib.mcl" "__Lib_CMath.mcl" "__Lib_MemManager.mcl" "__Lib_Conversions.mcl" "__Lib_Sprintf.mcl" "__Lib_Sprinti.mcl" "__Lib_Sprintl.mcl" "__Lib_PrintOut.mcl" "__Lib_Time.mcl" "__Lib_Trigonometry.mcl" "__Lib_Keypad4x4.mcl" "__Lib_Manchester.mcl" "__Lib_OneWire.mcl" "__Lib_PS2.mcl" "__Lib_Sound.mcl" "__Lib_SoftI2C.mcl" "__Lib_SoftSPI.mcl" "__Lib_SoftUART.mcl" "__Lib_ADC.mcl" "__Lib_EEPROM_eew.mcl" "__Lib_FLASH_rwe.mcl" "__Lib_PWM_0.mcl" "__Lib_PWM1_2_presc.mcl" "__Lib_PWM16bit_12.mcl" "__Lib_SPI_b7654_x2.mcl" "__Lib_TWI.mcl" "__Lib_UART_d01_ursel.mcl" "__Lib_PortExpander.mcl" "__Lib_CANSPI.mcl" "__Lib_CF.mcl" "__Lib_CFFat16.mcl" "__Lib_GlcdFonts.mcl" "__Lib_Glcd.mcl" "__Lib_LcdConsts.mcl" "__Lib_Lcd.mcl" "__Lib_Mmc.mcl" "__Lib_MmcFat16.mcl" "__Lib_MmcFat16Constants.mcl" "__Lib_RS485.mcl" "__Lib_S1D13700.mcl" "__Lib_T6963C.mcl" "__Lib_SPIGlcd.mcl" "__Lib_SPILcd.mcl" "__Lib_SPILcd8.mcl" "__Lib_SPIT6963C.mcl" "__Lib_TFT.mcl" "__Lib_TFT_Defs.mcl" "__Lib_TFT_16bit.mcl" "__Lib_TFT_16bit_Defs.mcl" "__Lib_TouchPanel_TFT_C.mcl" "__Lib_TouchPanel.mcl" "__Lib_EthEnc28j60.mcl" "__Lib_EthEnc24j600.mcl"	 
warning: 0	1501	Specified search path does not exist: 'E:\Users\Public\Documents\Mikroelektronika\mikroC PRO for AVR\defs'	 
warning: 0	1501	Specified search path does not exist: 'E:\Users\Public\Documents\Mikroelektronika\mikroC PRO for AVR\uses\lte64kw'	 
warning: 0	1501	Specified search path does not exist: 'E:\Users\amlakey\Desktop\TurninCLI'	 
warning: 0	1502	Specified include path does not exist: 'E:\Users\amlakey\Desktop\TurninCLI'	 
diagnostics: 0	126	All files Preprocessed in 984 ms	 
diagnostics: 0	122	Compilation Started	stdint.h
diagnostics: 25	123	Compiled Successfully	command_parser.c
diagnostics: 0	122	Compilation Started	stdint.h
hint: 10	1163	Variable 'changed' has been declared, but not used	execution.c
diagnostics: 174	123	Compiled Successfully	execution.c
hint: 71	1164	Variable 'adc_value' has been eliminated by optimizer	execution.c
diagnostics: 0	122	Compilation Started	stdint.h
diagnostics: 79	123	Compiled Successfully	terminal.h
diagnostics: 1	122	Compilation Started	help.h
hint: 0	1004	interrupt handler (rxc_isr at 0x001A)	main.c
diagnostics: 97	123	Compiled Successfully	main.c
diagnostics: 0	122	Compilation Started	stdint.h
diagnostics: 85	123	Compiled Successfully	terminal.c
hint: 12	1164	Variable 'baud_pre' has been eliminated by optimizer	terminal.c
diagnostics: 0	122	Compilation Started	thumbstick.h
diagnostics: 73	123	Compiled Successfully	thumbstick.c
diagnostics: 0	127	All files Compiled in 1984 ms	 
error: 0	434	Demo Limit	Demo Limit
error: 0	102	Finished (with errors): 17 Feb 2015, 18:53:18	TurnInCLI.mcpav
